<?xml version="1.0" encoding="UTF-8"?>
<testsuite xmlns:xsi="http://www.w3.org/2001/XMLSchema-instance" xsi:noNamespaceSchemaLocation="https://maven.apache.org/surefire/maven-surefire-plugin/xsd/surefire-test-report.xsd" version="3.0.2" name="TestSuite" time="22.811" tests="22" errors="0" skipped="0" failures="0">
  <properties>
[...]
</properties>
  <testcase name="verifyGetAllProductsList" classname="com.automationexercise.tests.products.ProductsTests" time="3.971">
    <system-out><![CDATA[Base URI has been set to: https://automationexercise.com/api
Executing: GET All Products List
]]></system-out>
  </testcase>
  <testcase name="testPostAllProductsListUnsupported" classname="com.automationexercise.tests.products.ProductsTests" time="0.601">
    <system-out><![CDATA[Executing: POST All Products List (Negative)
]]></system-out>
  </testcase>
  <testcase name="testGetAllBrandsList" classname="com.automationexercise.tests.products.ProductsTests" time="0.599">
    <system-out><![CDATA[Executing: GET All Brands List
]]></system-out>
  </testcase>
  <testcase name="testPutAllBrandsListUnsupported" classname="com.automationexercise.tests.products.ProductsTests" time="0.531">
    <system-out><![CDATA[Executing: PUT All Brands List (Negative)
]]></system-out>
  </testcase>
  <testcase name="testSearchProductValid" classname="com.automationexercise.tests.products.ProductsTests" time="0.816">
    <system-out><![CDATA[Executing: POST Search Product - Valid
]]></system-out>
  </testcase>
  <testcase name="testSearchProductMissingParam" classname="com.automationexercise.tests.products.ProductsTests" time="0.576">
    <system-out><![CDATA[Executing: POST Search Product - Missing Param
]]></system-out>
  </testcase>
  <testcase name="step01_createAccountTest" classname="com.automationexercise.tests.regression.EndToEndAccountFlowTest" time="0.907">
    <system-out><![CDATA[Executing: Step 01 - Create Account (Chain Start)
]]></system-out>
  </testcase>
  <testcase name="step02_verifyLoginTest" classname="com.automationexercise.tests.regression.EndToEndAccountFlowTest" time="0.801">
    <system-out><![CDATA[Executing: Step 02 - Verify Login With New Account
]]></system-out>
  </testcase>
  <testcase name="step03_getUserDetailTest" classname="com.automationexercise.tests.regression.EndToEndAccountFlowTest" time="0.719">
    <system-out><![CDATA[Executing: Step 03 - Get User Detail (Confirm Data Persistence)
]]></system-out>
  </testcase>
  <testcase name="step04_updateAccountTest" classname="com.automationexercise.tests.regression.EndToEndAccountFlowTest" time="0.595">
    <system-out><![CDATA[Executing: Step 04 - Update Account
]]></system-out>
  </testcase>
  <testcase name="step05_deleteAccountTest" classname="com.automationexercise.tests.regression.EndToEndAccountFlowTest" time="0.601">
    <system-out><![CDATA[Executing: Step 05 - Delete Account (Chain Cleanup)
]]></system-out>
  </testcase>
  <testcase name="testCreateAccountMissingRequiredFields" classname="com.automationexercise.tests.edgecases.EdgeCasesTest" time="0.523">
    <system-out><![CDATA[Running Edge Case: Create Account Missing Fields...
HTTP/1.1 200 OK
]]></system-out>
  </testcase>
  <testcase name="testVerifyLoginInvalidJsonBody" classname="com.automationexercise.tests.edgecases.EdgeCasesTest" time="0.563">
    <system-out><![CDATA[Running Edge Case: Invalid JSON Body...
HTTP/1.1 400 Bad Request
]]></system-out>
  </testcase>
  <testcase name="testGetUserDetailsInvalidEmail" classname="com.automationexercise.tests.edgecases.EdgeCasesTest" time="1.821">
    <system-out><![CDATA[Running Edge Case: Non-existent Email...
HTTP/1.1 200 OK
]]></system-out>
  </testcase>
  <testcase name="testResponseHeaderInspection" classname="com.automationexercise.tests.security.SecurityTest" time="1.164">
    <system-out><![CDATA[Executing Security Test: Response Header Inspection...
X-Content-Type-Options: nosniff
X-Frame-Options: DENY
Strict-Transport-Security: null
]]></system-out>
  </testcase>
  <testcase name="testSensitiveDataExposure" classname="com.automationexercise.tests.security.SecurityTest" time="0.87">
    <system-out><![CDATA[Executing Security Test: Sensitive Data Exposure Check...
]]></system-out>
  </testcase>
  <testcase name="testInputValidationScriptInjection" classname="com.automationexercise.tests.security.SecurityTest" time="0.605">
    <system-out><![CDATA[Executing Security Test: Script Injection Input Validation...
]]></system-out>
  </testcase>
  <testcase name="testVerifyLoginValidCredentials" classname="com.automationexercise.tests.authentication.AuthenticationTests" time="1.897">
    <system-out><![CDATA[Executing: POST Verify Login - Valid Credentials
]]></system-out>
  </testcase>
  <testcase name="testVerifyLoginMissingEmail" classname="com.automationexercise.tests.authentication.AuthenticationTests" time="0.705">
    <system-out><![CDATA[Executing: POST Verify Login - Missing Email
]]></system-out>
  </testcase>
  <testcase name="testVerifyLoginInvalidCredentials" classname="com.automationexercise.tests.authentication.AuthenticationTests" time="0.677">
    <system-out><![CDATA[Executing: POST Verify Login - Invalid Credentials
]]></system-out>
  </testcase>
  <testcase name="testVerifyLoginUnsupportedMethod" classname="com.automationexercise.tests.authentication.AuthenticationTests" time="0.792">
    <system-out><![CDATA[Executing: DELETE Verify Login - Unsupported Method
]]></system-out>
  </testcase>
  <testcase name="testVerifyLoginEmptyBody" classname="com.automationexercise.tests.authentication.AuthenticationTests" time="0.507">
    <system-out><![CDATA[Executing: POST Verify Login - Empty Body
]]></system-out>
  </testcase>
</testsuite>