<?xml version="1.0" encoding="UTF-8"?>
<testsuite xmlns:xsi="http://www.w3.org/2001/XMLSchema-instance" xsi:noNamespaceSchemaLocation="https://maven.apache.org/surefire/maven-surefire-plugin/xsd/surefire-test-report.xsd" version="3.0.2" name="com.automationexercise.tests.products.GetProductsTest" time="5.364" tests="1" errors="0" skipped="0" failures="0">
  <properties>
[...]
</properties>
  <testcase name="verifyGetAllProductsList" classname="com.automationexercise.tests.products.GetProductsTest" time="4.001">
    <system-out><![CDATA[Base URI has been set to: https://automationexercise.com/api
Executing GET All Products List Test...
Request method:	GET
Request URI:	https://automationexercise.com/api/productsList
Proxy:			<none>
Request params:	<none>
Query params:	<none>
Form params:	<none>
Path params:	<none>
Headers:		Accept=*/*
Cookies:		<none>
Multiparts:		<none>
Body:			<none>
HTTP/1.1 200 OK
]]></system-out>
  </testcase>
</testsuite>