<?xml version="1.0" encoding="UTF-8"?>
<!-- Generated by org.testng.reporters.JUnitXMLReporter -->
<testsuite hostname="DESKTOP-MIQMFOR" ignored="0" name="Authentication API Test" tests="5" failures="0" timestamp="2026-08-25T16:49:05 PKT" time="4.582" errors="0">
  <testcase name="testVerifyLoginValidCredentials" time="1.898" classname="com.automationexercise.tests.authentication.AuthenticationTests"/>
  <testcase name="testVerifyLoginMissingEmail" time="0.705" classname="com.automationexercise.tests.authentication.AuthenticationTests"/>
  <testcase name="testVerifyLoginInvalidCredentials" time="0.677" classname="com.automationexercise.tests.authentication.AuthenticationTests"/>
  <testcase name="testVerifyLoginUnsupportedMethod" time="0.791" classname="com.automationexercise.tests.authentication.AuthenticationTests"/>
  <testcase name="testVerifyLoginEmptyBody" time="0.506" classname="com.automationexercise.tests.authentication.AuthenticationTests"/>
</testsuite> <!-- Authentication API Test -->
