<?xml version="1.0" encoding="UTF-8"?>
<!-- Generated by org.testng.reporters.JUnitXMLReporter -->
<testsuite hostname="DESKTOP-MIQMFOR" ignored="0" name="Edge Cases Test" tests="3" failures="0" timestamp="2026-08-25T16:48:57 PKT" time="2.91" errors="0">
  <testcase name="testCreateAccountMissingRequiredFields" time="0.524" classname="com.automationexercise.tests.edgecases.EdgeCasesTest"/>
  <testcase name="testVerifyLoginInvalidJsonBody" time="0.561" classname="com.automationexercise.tests.edgecases.EdgeCasesTest"/>
  <testcase name="testGetUserDetailsInvalidEmail" time="1.821" classname="com.automationexercise.tests.edgecases.EdgeCasesTest"/>
</testsuite> <!-- Edge Cases Test -->
