<?xml version="1.0" encoding="UTF-8"?>
<!-- Generated by org.testng.reporters.JUnitXMLReporter -->
<testsuite hostname="DESKTOP-MIQMFOR" ignored="0" name="Products API Test" tests="6" failures="0" timestamp="2026-08-25T16:48:50 PKT" time="7.228" errors="0">
  <testcase name="verifyGetAllProductsList" time="3.967" classname="com.automationexercise.tests.products.ProductsTests"/>
  <testcase name="testPostAllProductsListUnsupported" time="0.603" classname="com.automationexercise.tests.products.ProductsTests"/>
  <testcase name="testGetAllBrandsList" time="0.599" classname="com.automationexercise.tests.products.ProductsTests"/>
  <testcase name="testPutAllBrandsListUnsupported" time="0.53" classname="com.automationexercise.tests.products.ProductsTests"/>
  <testcase name="testSearchProductValid" time="0.816" classname="com.automationexercise.tests.products.ProductsTests"/>
  <testcase name="testSearchProductMissingParam" time="0.58" classname="com.automationexercise.tests.products.ProductsTests"/>
</testsuite> <!-- Products API Test -->
