<?xml version="1.0" encoding="UTF-8"?>
<!-- Generated by org.testng.reporters.JUnitXMLReporter -->
<testsuite hostname="DESKTOP-MIQMFOR" ignored="0" name="Regression Flow Test" tests="5" failures="0" timestamp="2026-08-25T16:48:54 PKT" time="3.629" errors="0">
  <testcase name="step01_createAccountTest" time="0.908" classname="com.automationexercise.tests.regression.EndToEndAccountFlowTest"/>
  <testcase name="step02_verifyLoginTest" time="0.8" classname="com.automationexercise.tests.regression.EndToEndAccountFlowTest"/>
  <testcase name="step03_getUserDetailTest" time="0.717" classname="com.automationexercise.tests.regression.EndToEndAccountFlowTest"/>
  <testcase name="step04_updateAccountTest" time="0.593" classname="com.automationexercise.tests.regression.EndToEndAccountFlowTest"/>
  <testcase name="step05_deleteAccountTest" time="0.601" classname="com.automationexercise.tests.regression.EndToEndAccountFlowTest"/>
</testsuite> <!-- Regression Flow Test -->
