<?xml version="1.0" encoding="UTF-8"?>
<!-- Generated by org.testng.reporters.JUnitXMLReporter -->
<testsuite hostname="DESKTOP-MIQMFOR" ignored="0" name="Security API Test" tests="3" failures="0" timestamp="2026-08-25T16:49:00 PKT" time="2.64" errors="0">
  <testcase name="testResponseHeaderInspection" time="1.163" classname="com.automationexercise.tests.security.SecurityTest"/>
  <testcase name="testSensitiveDataExposure" time="0.869" classname="com.automationexercise.tests.security.SecurityTest"/>
  <testcase name="testInputValidationScriptInjection" time="0.605" classname="com.automationexercise.tests.security.SecurityTest"/>
</testsuite> <!-- Security API Test -->
