<?xml version="1.0" encoding="UTF-8"?>
<!-- Generated by org.testng.reporters.JUnitReportReporter -->
<testsuite skipped="0" hostname="DESKTOP-MIQMFOR" name="com.automationexercise.tests.authentication.AuthenticationTests" tests="5" failures="0" timestamp="2026-08-25T16:49:05 PKT" time="4.577" errors="0">
  <testcase name="testVerifyLoginValidCredentials" time="1.898" classname="com.automationexercise.tests.authentication.AuthenticationTests"/>
  <system-out/>
  <testcase name="testVerifyLoginMissingEmail" time="0.705" classname="com.automationexercise.tests.authentication.AuthenticationTests"/>
  <system-out/>
  <testcase name="testVerifyLoginInvalidCredentials" time="0.677" classname="com.automationexercise.tests.authentication.AuthenticationTests"/>
  <system-out/>
  <testcase name="testVerifyLoginUnsupportedMethod" time="0.791" classname="com.automationexercise.tests.authentication.AuthenticationTests"/>
  <system-out/>
  <testcase name="testVerifyLoginEmptyBody" time="0.506" classname="com.automationexercise.tests.authentication.AuthenticationTests"/>
  <system-out/>
</testsuite> <!-- com.automationexercise.tests.authentication.AuthenticationTests -->
