<?xml version="1.0" encoding="UTF-8"?>
<!-- Generated by org.testng.reporters.JUnitReportReporter -->
<testsuite skipped="0" hostname="DESKTOP-MIQMFOR" name="com.automationexercise.tests.edgecases.EdgeCasesTest" tests="3" failures="0" timestamp="2026-08-25T16:49:05 PKT" time="2.906" errors="0">
  <testcase name="testCreateAccountMissingRequiredFields" time="0.524" classname="com.automationexercise.tests.edgecases.EdgeCasesTest"/>
  <system-out/>
  <testcase name="testVerifyLoginInvalidJsonBody" time="0.561" classname="com.automationexercise.tests.edgecases.EdgeCasesTest"/>
  <system-out/>
  <testcase name="testGetUserDetailsInvalidEmail" time="1.821" classname="com.automationexercise.tests.edgecases.EdgeCasesTest"/>
  <system-out/>
</testsuite> <!-- com.automationexercise.tests.edgecases.EdgeCasesTest -->
