<?xml version="1.0" encoding="UTF-8"?>
<!-- Generated by org.testng.reporters.JUnitReportReporter -->
<testsuite skipped="0" hostname="DESKTOP-MIQMFOR" name="com.automationexercise.tests.regression.EndToEndAccountFlowTest" tests="5" failures="0" timestamp="2026-08-25T16:49:05 PKT" time="3.619" errors="0">
  <testcase name="step01_createAccountTest" time="0.908" classname="com.automationexercise.tests.regression.EndToEndAccountFlowTest"/>
  <system-out/>
  <testcase name="step02_verifyLoginTest" time="0.800" classname="com.automationexercise.tests.regression.EndToEndAccountFlowTest"/>
  <system-out/>
  <testcase name="step03_getUserDetailTest" time="0.717" classname="com.automationexercise.tests.regression.EndToEndAccountFlowTest"/>
  <system-out/>
  <testcase name="step04_updateAccountTest" time="0.593" classname="com.automationexercise.tests.regression.EndToEndAccountFlowTest"/>
  <system-out/>
  <testcase name="step05_deleteAccountTest" time="0.601" classname="com.automationexercise.tests.regression.EndToEndAccountFlowTest"/>
  <system-out/>
</testsuite> <!-- com.automationexercise.tests.regression.EndToEndAccountFlowTest -->
