<?xml version="1.0" encoding="UTF-8"?>
<!-- Generated by org.testng.reporters.JUnitReportReporter -->
<testsuite skipped="0" hostname="DESKTOP-MIQMFOR" name="com.automationexercise.tests.security.SecurityTest" tests="3" failures="0" timestamp="2026-08-25T16:49:05 PKT" time="2.637" errors="0">
  <testcase name="testResponseHeaderInspection" time="1.163" classname="com.automationexercise.tests.security.SecurityTest"/>
  <system-out/>
  <testcase name="testSensitiveDataExposure" time="0.869" classname="com.automationexercise.tests.security.SecurityTest"/>
  <system-out/>
  <testcase name="testInputValidationScriptInjection" time="0.605" classname="com.automationexercise.tests.security.SecurityTest"/>
  <system-out/>
</testsuite> <!-- com.automationexercise.tests.security.SecurityTest -->
