<?xml version="1.0" encoding="UTF-8"?>
<!-- Generated by org.testng.reporters.JUnitReportReporter -->
<testsuite skipped="0" hostname="DESKTOP-MIQMFOR" name="com.automationexercise.tests.products.GetProductsTest" tests="6" failures="0" timestamp="2026-08-25T13:36:41 PKT" time="8.293" errors="0">
  <testcase name="verifyGetAllProductsList" time="4.146" classname="com.automationexercise.tests.products.GetProductsTest"/>
  <system-out/>
  <testcase name="testPostAllProductsListUnsupported" time="0.584" classname="com.automationexercise.tests.products.GetProductsTest"/>
  <system-out/>
  <testcase name="testGetAllBrandsList" time="0.581" classname="com.automationexercise.tests.products.GetProductsTest"/>
  <system-out/>
  <testcase name="testPutAllBrandsListUnsupported" time="0.498" classname="com.automationexercise.tests.products.GetProductsTest"/>
  <system-out/>
  <testcase name="testSearchProductValid" time="0.703" classname="com.automationexercise.tests.products.GetProductsTest"/>
  <system-out/>
  <testcase name="testSearchProductMissingParam" time="1.781" classname="com.automationexercise.tests.products.GetProductsTest"/>
  <system-out/>
</testsuite> <!-- com.automationexercise.tests.products.GetProductsTest -->
