<?xml version="1.0" encoding="UTF-8"?>
<!-- Generated by org.testng.reporters.JUnitReportReporter -->
<testsuite skipped="0" hostname="DESKTOP-MIQMFOR" name="com.automationexercise.tests.products.ProductsTests" tests="6" failures="0" timestamp="2026-08-25T16:49:05 PKT" time="7.095" errors="0">
  <testcase name="verifyGetAllProductsList" time="3.967" classname="com.automationexercise.tests.products.ProductsTests"/>
  <system-out/>
  <testcase name="testPostAllProductsListUnsupported" time="0.603" classname="com.automationexercise.tests.products.ProductsTests"/>
  <system-out/>
  <testcase name="testGetAllBrandsList" time="0.599" classname="com.automationexercise.tests.products.ProductsTests"/>
  <system-out/>
  <testcase name="testPutAllBrandsListUnsupported" time="0.530" classname="com.automationexercise.tests.products.ProductsTests"/>
  <system-out/>
  <testcase name="testSearchProductValid" time="0.816" classname="com.automationexercise.tests.products.ProductsTests"/>
  <system-out/>
  <testcase name="testSearchProductMissingParam" time="0.580" classname="com.automationexercise.tests.products.ProductsTests"/>
  <system-out/>
</testsuite> <!-- com.automationexercise.tests.products.ProductsTests -->
