<?xml version="1.0" encoding="UTF-8"?>
<!-- Generated by org.testng.reporters.JUnitXMLReporter -->
<testsuite hostname="DESKTOP-MIQMFOR" ignored="1" name="Surefire test" tests="4" failures="0" timestamp="2026-08-25T12:30:57 PKT" time="6.893" errors="0">
  <testcase name="verifyGetAllProductsList" time="4.01" classname="com.automationexercise.tests.products.GetProductsTest"/>
  <testcase name="step01_createAccountTest" time="1.479" classname="com.automationexercise.tests.regression.EndToEndAccountFlowTest"/>
  <testcase name="step02_verifyLoginTest" time="0.824" classname="com.automationexercise.tests.regression.EndToEndAccountFlowTest"/>
  <testcase name="step03_deleteAccountTest" time="0.545" classname="com.automationexercise.tests.regression.EndToEndAccountFlowTest"/>
  <testcase name="@BeforeSuite setupEnvironment" time="0.0" classname="com.automationexercise.utils.BaseTest">
    <ignored/>
  </testcase> <!-- @BeforeSuite setupEnvironment -->
</testsuite> <!-- Surefire test -->
